빌드 시작: 2016-05-13 오후 8:24:05
     1>3 노드의 "D:\FlightNight\proj.win32\FlightNight.vcxproj" 프로젝트(Build 대상)입니다.
     1>ClCompile:
         C:\Program Files (x86)\Microsoft Visual Studio 12.0\VC\bin\CL.exe /c /ID:\FlightNight\cocos2d\cocos\2d\..\..\cocos\audio\include /ID:\FlightNight\cocos2d\cocos\2d\..\..\external /ID:\FlightNight\cocos2d\cocos\2d\..\..\external\chipmunk\include\chipmunk /ID:\FlightNight\cocos2d\cocos\2d\..\..\extensions /I..\Classes /I.. /I"D:\FlightNight\cocos2d\cocos\2d\..\..\cocos\editor-support" /ID:\FlightNight\cocos2d\cocos\2d\..\..\cocos /ID:\FlightNight\cocos2d\cocos\2d\..\..\cocos\platform /ID:\FlightNight\cocos2d\cocos\2d\..\..\cocos\platform\desktop /ID:\FlightNight\cocos2d\cocos\2d\..\..\external\glfw3\include\win32 /I"D:\FlightNight\cocos2d\cocos\2d\..\..\external\win32-specific\gles\include\OGLES" /ID:\FlightNight\cocos2d\cocos\2d\..\..\external\freetype2\include\win32\freetype2 /ID:\FlightNight\cocos2d\cocos\2d\..\..\external\freetype2\include\win32\ /ID:\FlightNight\cocos2d\cocos\2d\..\..\external /Zi /nologo /W3 /WX- /MP /O2 /Oi /Oy- /GL /D WIN32 /D NDEBUG /D _WINDOWS /D _USE_MATH_DEFINES /D GL_GLEXT_PROTOTYPES /D CC_ENABLE_CHIPMUNK_INTEGRATION=1 /D _CRT_SECURE_NO_WARNINGS /D _SCL_SECURE_NO_WARNINGS /D _VARIADIC_MAX=10 /D _USING_V110_SDK71_ /D _UNICODE /D UNICODE /Gm- /EHsc /MD /GS /Gy /fp:precise /Zc:wchar_t /Zc:forScope /Fo"Release.win32\\" /Fd"Release.win32\vc120.pdb" /Gd /TP /wd4267 /wd4251 /wd4244 /analyze- /errorReport:prompt ..\Classes\GameScene.cpp
         GameScene.cpp
     1>d:\flightnight\cocos2d\cocos\base/ccUTF8.h : warning C4819: 현재 코드 페이지(949)에서 표시할 수 없는 문자가 파일에 들어 있습니다. 데이터가 손실되지 않게 하려면 해당 파일을 유니코드 형식으로 저장하십시오.
     1>d:\flightnight\cocos2d\cocos\physics/CCPhysicsBody.h : warning C4819: 현재 코드 페이지(949)에서 표시할 수 없는 문자가 파일에 들어 있습니다. 데이터가 손실되지 않게 하려면 해당 파일을 유니코드 형식으로 저장하십시오.
     1>d:\flightnight\cocos2d\cocos\physics/CCPhysicsShape.h : warning C4819: 현재 코드 페이지(949)에서 표시할 수 없는 문자가 파일에 들어 있습니다. 데이터가 손실되지 않게 하려면 해당 파일을 유니코드 형식으로 저장하십시오.
     1>d:\flightnight\cocos2d\cocos\platform/CCSAXParser.h : warning C4819: 현재 코드 페이지(949)에서 표시할 수 없는 문자가 파일에 들어 있습니다. 데이터가 손실되지 않게 하려면 해당 파일을 유니코드 형식으로 저장하십시오.
     1>..\Classes\GameScene.cpp(374): warning C4996: 'cocos2d::Node::unscheduleAllSelectors': deprecated로 선언되었습니다.
                 d:\flightnight\cocos2d\cocos\2d/CCNode.h(1456) : 'cocos2d::Node::unscheduleAllSelectors' 선언을 참조하십시오.
       Link:
         C:\Program Files (x86)\Microsoft Visual Studio 12.0\VC\bin\link.exe /ERRORREPORT:PROMPT /OUT:"D:\FlightNight\proj.win32\Release.win32\FlightNight.exe" /INCREMENTAL:NO /NOLOGO /LIBPATH:D:\FlightNight\proj.win32\Release.win32\ /LIBPATH:D:\FlightNight\proj.win32\Release.win32\ libcurl_imp.lib websockets.lib opengl32.lib glew32.lib libzlib.lib libwebp.lib libiconv.lib freetype.lib winmm.lib ws2_32.lib libbox2d.lib libSpine.lib kernel32.lib user32.lib gdi32.lib winspool.lib comdlg32.lib advapi32.lib shell32.lib ole32.lib oleaut32.lib uuid.lib odbc32.lib odbccp32.lib /MANIFEST /MANIFESTUAC:"level='asInvoker' uiAccess='false'" /manifest:embed /DEBUG /PDB:"D:\FlightNight\proj.win32\Release.win32\FlightNight.pdb" /SUBSYSTEM:WINDOWS,"5.01" /OPT:REF /OPT:ICF /LTCG /TLBID:1 /DYNAMICBASE /NXCOMPAT /IMPLIB:"D:\FlightNight\proj.win32\Release.win32\FlightNight.lib" /MACHINE:X86 /SAFESEH Release.win32\game.res
         Release.win32\AppDelegate.obj
         Release.win32\GameData.obj
         Release.win32\GameEnemy.obj
         Release.win32\GameItem.obj
         Release.win32\GameMissile.obj
         Release.win32\GameOverScene.obj
         Release.win32\GamePlayer.obj
         Release.win32\GameScene.obj
         Release.win32\MenuScene.obj
         Release.win32\main.obj
         D:\FlightNight\proj.win32\Release.win32\libcocos2d.lib
         D:\FlightNight\proj.win32\Release.win32\libSpine.lib
         D:\FlightNight\proj.win32\Release.win32\libbox2d.lib
            D:\FlightNight\proj.win32\Release.win32\FlightNight.lib 라이브러리 및 D:\FlightNight\proj.win32\Release.win32\FlightNight.exp 개체를 생성하고 있습니다.
         코드를 생성하고 있습니다.
         코드를 생성했습니다.
         FlightNight.vcxproj -> D:\FlightNight\proj.win32\Release.win32\FlightNight.exe
       CustomBuildStep:
         if not exist "D:\FlightNight\proj.win32\Release.win32\" mkdir "D:\FlightNight\proj.win32\Release.win32\"
         xcopy "D:\FlightNight\proj.win32\..\Resources" "D:\FlightNight\proj.win32\Release.win32\" /D /E /I /F /Y
               
         :VCEnd
         0개 파일이 복사되었습니다.
     1>"D:\FlightNight\proj.win32\FlightNight.vcxproj" 프로젝트를 빌드했습니다(Build 대상).

빌드했습니다.

경과 시간: 00:00:09.61
